Flow report for quartus_audio_gen
Wed Dec  3 11:24:28 2025
Quartus Prime Version 25.1std.0 Build 1129 10/21/2025 SC Lite Edition


---------------------
; Table of Contents ;
---------------------
  1. Legal Notice
  2. Flow Summary
  3. Flow Settings
  4. Flow Non-Default Global Settings
  5. Flow Elapsed Time
  6. Flow OS Summary
  7. Flow Log
  8. Flow Messages
  9. Flow Suppressed Messages



----------------
; Legal Notice ;
----------------
Copyright (C) 2025  Altera Corporation. All rights reserved.
Your use of Altera Corporation's design tools, logic functions 
and other software and tools, and any partner logic 
functions, and any output files from any of the foregoing 
(including device programming or simulation files), and any 
associated documentation or information are expressly subject 
to the terms and conditions of the Altera Program License 
Subscription Agreement, the Altera Quartus Prime License Agreement,
the Altera IP License Agreement, or other applicable license
agreement, including, without limitation, that your use is for
the sole purpose of programming logic devices manufactured by
Altera and sold by Altera or its authorized distributors.  Please
refer to the Altera Software License Subscription Agreements 
on the Quartus Prime software download page.



+-----------------------------------------------------------------------------------+
; Flow Summary                                                                      ;
+---------------------------------+-------------------------------------------------+
; Flow Status                     ; Successful - Wed Dec  3 11:24:28 2025           ;
; Quartus Prime Version           ; 25.1std.0 Build 1129 10/21/2025 SC Lite Edition ;
; Revision Name                   ; quartus_audio_gen                               ;
; Top-level Entity Name           ; audio_top                                       ;
; Family                          ; Cyclone V                                       ;
; Device                          ; 5CSXFC6D6F31C6                                  ;
; Timing Models                   ; Final                                           ;
; Logic utilization (in ALMs)     ; 158 / 41,910 ( < 1 % )                          ;
; Total registers                 ; 162                                             ;
; Total pins                      ; 57 / 499 ( 11 % )                               ;
; Total virtual pins              ; 0                                               ;
; Total block memory bits         ; 0 / 5,662,720 ( 0 % )                           ;
; Total DSP Blocks                ; 0 / 112 ( 0 % )                                 ;
; Total HSSI RX PCSs              ; 0 / 9 ( 0 % )                                   ;
; Total HSSI PMA RX Deserializers ; 0 / 9 ( 0 % )                                   ;
; Total HSSI TX PCSs              ; 0 / 9 ( 0 % )                                   ;
; Total HSSI PMA TX Serializers   ; 0 / 9 ( 0 % )                                   ;
; Total PLLs                      ; 0 / 15 ( 0 % )                                  ;
; Total DLLs                      ; 0 / 4 ( 0 % )                                   ;
+---------------------------------+-------------------------------------------------+


+-----------------------------------------+
; Flow Settings                           ;
+-------------------+---------------------+
; Option            ; Setting             ;
+-------------------+---------------------+
; Start date & time ; 12/03/2025 11:23:41 ;
; Main task         ; Compilation         ;
; Revision Name     ; quartus_audio_gen   ;
+-------------------+---------------------+


+----------------------------------------------------------------------------------------------------------------------------------------------------+
; Flow Non-Default Global Settings                                                                                                                   ;
+-------------------------------------+----------------------------------------+-------------------+-------------+-----------------------------------+
; Assignment Name                     ; Value                                  ; Default Value     ; Entity Name ; Section Id                        ;
+-------------------------------------+----------------------------------------+-------------------+-------------+-----------------------------------+
; COMPILER_SIGNATURE_ID               ; 129779225800897.176478622113568        ; --                ; --          ; --                                ;
; EDA_GENERATE_FUNCTIONAL_NETLIST     ; Off                                    ; --                ; --          ; eda_board_design_timing           ;
; EDA_GENERATE_FUNCTIONAL_NETLIST     ; Off                                    ; --                ; --          ; eda_board_design_boundary_scan    ;
; EDA_GENERATE_FUNCTIONAL_NETLIST     ; Off                                    ; --                ; --          ; eda_board_design_signal_integrity ;
; EDA_GENERATE_FUNCTIONAL_NETLIST     ; Off                                    ; --                ; --          ; eda_board_design_symbol           ;
; EDA_OUTPUT_DATA_FORMAT              ; Verilog Hdl                            ; --                ; --          ; eda_simulation                    ;
; EDA_SIMULATION_TOOL                 ; Questa Altera FPGA (Verilog)           ; <None>            ; --          ; --                                ;
; EDA_TIME_SCALE                      ; 1 ps                                   ; --                ; --          ; eda_simulation                    ;
; FITTER_EFFORT                       ; Standard Fit                           ; Auto Fit          ; --          ; --                                ;
; MAX_CORE_JUNCTION_TEMP              ; 85                                     ; --                ; --          ; --                                ;
; MIN_CORE_JUNCTION_TEMP              ; 0                                      ; --                ; --          ; --                                ;
; NUM_PARALLEL_PROCESSORS             ; 6                                      ; --                ; --          ; --                                ;
; OUTPUT_IO_TIMING_FAR_END_VMEAS      ; Half Signal Swing                      ; --                ; --          ; --                                ;
; OUTPUT_IO_TIMING_FAR_END_VMEAS      ; Half Signal Swing                      ; --                ; --          ; --                                ;
; OUTPUT_IO_TIMING_NEAR_END_VMEAS     ; Half Vccio                             ; --                ; --          ; --                                ;
; OUTPUT_IO_TIMING_NEAR_END_VMEAS     ; Half Vccio                             ; --                ; --          ; --                                ;
; PARTITION_COLOR                     ; -- (Not supported for targeted family) ; --                ; audio_top   ; Top                               ;
; PARTITION_FITTER_PRESERVATION_LEVEL ; -- (Not supported for targeted family) ; --                ; audio_top   ; Top                               ;
; PARTITION_NETLIST_TYPE              ; -- (Not supported for targeted family) ; --                ; audio_top   ; Top                               ;
; POWER_BOARD_THERMAL_MODEL           ; None (CONSERVATIVE)                    ; --                ; --          ; --                                ;
; POWER_PRESET_COOLING_SOLUTION       ; 23 MM HEAT SINK WITH 200 LFPM AIRFLOW  ; --                ; --          ; --                                ;
; PROJECT_OUTPUT_DIRECTORY            ; output_files                           ; --                ; --          ; --                                ;
; TOP_LEVEL_ENTITY                    ; audio_top                              ; quartus_audio_gen ; --          ; --                                ;
+-------------------------------------+----------------------------------------+-------------------+-------------+-----------------------------------+


+--------------------------------------------------------------------------------------------------------------------------+
; Flow Elapsed Time                                                                                                        ;
+----------------------+--------------+-------------------------+---------------------+------------------------------------+
; Module Name          ; Elapsed Time ; Average Processors Used ; Peak Virtual Memory ; Total CPU Time (on all processors) ;
+----------------------+--------------+-------------------------+---------------------+------------------------------------+
; Analysis & Synthesis ; 00:00:07     ; 1.0                     ; 4948 MB             ; 00:00:18                           ;
; Fitter               ; 00:00:26     ; 1.0                     ; 6814 MB             ; 00:01:05                           ;
; Assembler            ; 00:00:06     ; 1.0                     ; 5242 MB             ; 00:00:06                           ;
; Timing Analyzer      ; 00:00:05     ; 1.2                     ; 5380 MB             ; 00:00:04                           ;
; EDA Netlist Writer   ; 00:00:00     ; 1.0                     ; 4759 MB             ; 00:00:01                           ;
; Total                ; 00:00:44     ; --                      ; --                  ; 00:01:34                           ;
+----------------------+--------------+-------------------------+---------------------+------------------------------------+


+------------------------------------------------------------------------------------+
; Flow OS Summary                                                                    ;
+----------------------+------------------+------------+------------+----------------+
; Module Name          ; Machine Hostname ; OS Name    ; OS Version ; Processor type ;
+----------------------+------------------+------------+------------+----------------+
; Analysis & Synthesis ; nolanpad         ; Windows 10 ; 10.0       ; x86_64         ;
; Fitter               ; nolanpad         ; Windows 10 ; 10.0       ; x86_64         ;
; Assembler            ; nolanpad         ; Windows 10 ; 10.0       ; x86_64         ;
; Timing Analyzer      ; nolanpad         ; Windows 10 ; 10.0       ; x86_64         ;
; EDA Netlist Writer   ; nolanpad         ; Windows 10 ; 10.0       ; x86_64         ;
+----------------------+------------------+------------+------------+----------------+


------------
; Flow Log ;
------------
quartus_map --read_settings_files=on --write_settings_files=off quartus_audio_gen -c quartus_audio_gen
quartus_fit --read_settings_files=off --write_settings_files=off quartus_audio_gen -c quartus_audio_gen
quartus_asm --read_settings_files=off --write_settings_files=off quartus_audio_gen -c quartus_audio_gen
quartus_sta quartus_audio_gen -c quartus_audio_gen
quartus_eda --read_settings_files=off --write_settings_files=off quartus_audio_gen -c quartus_audio_gen



