Analysis & Synthesis report for quartus_audio_gen
Tue Dec  9 08:26:45 2025
Quartus Prime Version 25.1std.0 Build 1129 10/21/2025 SC Lite Edition


---------------------
; Table of Contents ;
---------------------
  1. Legal Notice
  2. Analysis & Synthesis Summary
  3. Analysis & Synthesis Settings
  4. Parallel Compilation
  5. Analysis & Synthesis Source Files Read
  6. Analysis & Synthesis Resource Usage Summary
  7. Analysis & Synthesis Resource Utilization by Entity
  8. State Machine - |audio_top|game_state
  9. State Machine - |audio_top|i2s_tx:i2s_inst|state
 10. State Machine - |audio_top|i2c:i2c_inst|state
 11. State Machine - |audio_top|codec_config:cfg_inst|state
 12. Registers Removed During Synthesis
 13. General Register Statistics
 14. Inverted Register Statistics
 15. Multiplexer Restructuring Statistics (Restructuring Performed)
 16. Port Connectivity Checks: "codec_config:cfg_inst"
 17. Post-Synthesis Netlist Statistics for Top Partition
 18. Elapsed Time Per Partition
 19. Analysis & Synthesis Messages



----------------
; Legal Notice ;
----------------
Copyright (C) 2025  Altera Corporation. All rights reserved.
Your use of Altera Corporation's design tools, logic functions 
and other software and tools, and any partner logic 
functions, and any output files from any of the foregoing 
(including device programming or simulation files), and any 
associated documentation or information are expressly subject 
to the terms and conditions of the Altera Program License 
Subscription Agreement, the Altera Quartus Prime License Agreement,
the Altera IP License Agreement, or other applicable license
agreement, including, without limitation, that your use is for
the sole purpose of programming logic devices manufactured by
Altera and sold by Altera or its authorized distributors.  Please
refer to the Altera Software License Subscription Agreements 
on the Quartus Prime software download page.



+-----------------------------------------------------------------------------------+
; Analysis & Synthesis Summary                                                      ;
+---------------------------------+-------------------------------------------------+
; Analysis & Synthesis Status     ; Successful - Tue Dec  9 08:26:45 2025           ;
; Quartus Prime Version           ; 25.1std.0 Build 1129 10/21/2025 SC Lite Edition ;
; Revision Name                   ; quartus_audio_gen                               ;
; Top-level Entity Name           ; audio_top                                       ;
; Family                          ; Cyclone V                                       ;
; Logic utilization (in ALMs)     ; N/A                                             ;
; Total registers                 ; 243                                             ;
; Total pins                      ; 30                                              ;
; Total virtual pins              ; 0                                               ;
; Total block memory bits         ; 0                                               ;
; Total DSP Blocks                ; 0                                               ;
; Total HSSI RX PCSs              ; 0                                               ;
; Total HSSI PMA RX Deserializers ; 0                                               ;
; Total HSSI TX PCSs              ; 0                                               ;
; Total HSSI PMA TX Serializers   ; 0                                               ;
; Total PLLs                      ; 0                                               ;
; Total DLLs                      ; 0                                               ;
+---------------------------------+-------------------------------------------------+


+---------------------------------------------------------------------------------------------------------------------------+
; Analysis & Synthesis Settings                                                                                             ;
+---------------------------------------------------------------------------------+--------------------+--------------------+
; Option                                                                          ; Setting            ; Default Value      ;
+---------------------------------------------------------------------------------+--------------------+--------------------+
; Device                                                                          ; 5CSXFC6D6F31C6     ;                    ;
; Top-level entity name                                                           ; audio_top          ; quartus_audio_gen  ;
; Family name                                                                     ; Cyclone V          ; Cyclone V          ;
; Maximum processors allowed for parallel compilation                             ; 6                  ;                    ;
; Use smart compilation                                                           ; Off                ; Off                ;
; Enable parallel Assembler and Timing Analyzer during compilation                ; On                 ; On                 ;
; Enable compact report table                                                     ; Off                ; Off                ;
; Restructure Multiplexers                                                        ; Auto               ; Auto               ;
; MLAB Add Timing Constraints For Mixed-Port Feed-Through Mode Setting Don't Care ; Off                ; Off                ;
; Create Debugging Nodes for IP Cores                                             ; Off                ; Off                ;
; Preserve fewer node names                                                       ; On                 ; On                 ;
; Intel FPGA IP Evaluation Mode                                                   ; Enable             ; Enable             ;
; Verilog Version                                                                 ; Verilog_2001       ; Verilog_2001       ;
; VHDL Version                                                                    ; VHDL_1993          ; VHDL_1993          ;
; State Machine Processing                                                        ; Auto               ; Auto               ;
; Safe State Machine                                                              ; Off                ; Off                ;
; Extract Verilog State Machines                                                  ; On                 ; On                 ;
; Extract VHDL State Machines                                                     ; On                 ; On                 ;
; Ignore Verilog initial constructs                                               ; Off                ; Off                ;
; Iteration limit for constant Verilog loops                                      ; 5000               ; 5000               ;
; Iteration limit for non-constant Verilog loops                                  ; 250                ; 250                ;
; Add Pass-Through Logic to Inferred RAMs                                         ; On                 ; On                 ;
; Infer RAMs from Raw Logic                                                       ; On                 ; On                 ;
; Parallel Synthesis                                                              ; On                 ; On                 ;
; DSP Block Balancing                                                             ; Auto               ; Auto               ;
; NOT Gate Push-Back                                                              ; On                 ; On                 ;
; Power-Up Don't Care                                                             ; On                 ; On                 ;
; Remove Redundant Logic Cells                                                    ; Off                ; Off                ;
; Remove Duplicate Registers                                                      ; On                 ; On                 ;
; Ignore CARRY Buffers                                                            ; Off                ; Off                ;
; Ignore CASCADE Buffers                                                          ; Off                ; Off                ;
; Ignore GLOBAL Buffers                                                           ; Off                ; Off                ;
; Ignore ROW GLOBAL Buffers                                                       ; Off                ; Off                ;
; Ignore LCELL Buffers                                                            ; Off                ; Off                ;
; Ignore SOFT Buffers                                                             ; On                 ; On                 ;
; Limit AHDL Integers to 32 Bits                                                  ; Off                ; Off                ;
; Optimization Technique                                                          ; Balanced           ; Balanced           ;
; Carry Chain Length                                                              ; 70                 ; 70                 ;
; Auto Carry Chains                                                               ; On                 ; On                 ;
; Auto Open-Drain Pins                                                            ; On                 ; On                 ;
; Perform WYSIWYG Primitive Resynthesis                                           ; Off                ; Off                ;
; Auto ROM Replacement                                                            ; On                 ; On                 ;
; Auto RAM Replacement                                                            ; On                 ; On                 ;
; Auto DSP Block Replacement                                                      ; On                 ; On                 ;
; Auto Shift Register Replacement                                                 ; Auto               ; Auto               ;
; Allow Shift Register Merging across Hierarchies                                 ; Auto               ; Auto               ;
; Auto Clock Enable Replacement                                                   ; On                 ; On                 ;
; Strict RAM Replacement                                                          ; Off                ; Off                ;
; Allow Synchronous Control Signals                                               ; On                 ; On                 ;
; Force Use of Synchronous Clear Signals                                          ; Off                ; Off                ;
; Auto Resource Sharing                                                           ; Off                ; Off                ;
; Allow Any RAM Size For Recognition                                              ; Off                ; Off                ;
; Allow Any ROM Size For Recognition                                              ; Off                ; Off                ;
; Allow Any Shift Register Size For Recognition                                   ; Off                ; Off                ;
; Use LogicLock Constraints during Resource Balancing                             ; On                 ; On                 ;
; Ignore translate_off and synthesis_off directives                               ; Off                ; Off                ;
; Timing-Driven Synthesis                                                         ; On                 ; On                 ;
; Report Parameter Settings                                                       ; On                 ; On                 ;
; Report Source Assignments                                                       ; On                 ; On                 ;
; Report Connectivity Checks                                                      ; On                 ; On                 ;
; Ignore Maximum Fan-Out Assignments                                              ; Off                ; Off                ;
; Synchronization Register Chain Length                                           ; 3                  ; 3                  ;
; Power Optimization During Synthesis                                             ; Normal compilation ; Normal compilation ;
; HDL message level                                                               ; Level2             ; Level2             ;
; Suppress Register Optimization Related Messages                                 ; Off                ; Off                ;
; Number of Removed Registers Reported in Synthesis Report                        ; 5000               ; 5000               ;
; Number of Swept Nodes Reported in Synthesis Report                              ; 5000               ; 5000               ;
; Number of Inverted Registers Reported in Synthesis Report                       ; 100                ; 100                ;
; Clock MUX Protection                                                            ; On                 ; On                 ;
; Auto Gated Clock Conversion                                                     ; Off                ; Off                ;
; Block Design Naming                                                             ; Auto               ; Auto               ;
; SDC constraint protection                                                       ; Off                ; Off                ;
; Synthesis Effort                                                                ; Auto               ; Auto               ;
; Shift Register Replacement - Allow Asynchronous Clear Signal                    ; On                 ; On                 ;
; Pre-Mapping Resynthesis Optimization                                            ; Off                ; Off                ;
; Analysis & Synthesis Message Level                                              ; Medium             ; Medium             ;
; Disable Register Merging Across Hierarchies                                     ; Auto               ; Auto               ;
; Resource Aware Inference For Block RAM                                          ; On                 ; On                 ;
; Automatic Parallel Synthesis                                                    ; On                 ; On                 ;
; Partial Reconfiguration Bitstream ID                                            ; Off                ; Off                ;
+---------------------------------------------------------------------------------+--------------------+--------------------+


+------------------------------------------+
; Parallel Compilation                     ;
+----------------------------+-------------+
; Processors                 ; Number      ;
+----------------------------+-------------+
; Number detected on machine ; 16          ;
; Maximum allowed            ; 6           ;
;                            ;             ;
; Average used               ; 1.00        ;
; Maximum used               ; 6           ;
;                            ;             ;
; Usage by Processor         ; % Time Used ;
;     Processor 1            ; 100.0%      ;
;     Processors 2-6         ;   0.0%      ;
+----------------------------+-------------+


+------------------------------------------------------------------------------------------------------------------------------------------+
; Analysis & Synthesis Source Files Read                                                                                                   ;
+----------------------------------+-----------------+-----------------+---------------------------------------------------------+---------+
; File Name with User-Entered Path ; Used in Netlist ; File Type       ; File Name with Absolute Path                            ; Library ;
+----------------------------------+-----------------+-----------------+---------------------------------------------------------+---------+
; i2c.vhd                          ; yes             ; User VHDL File  ; C:/Users/nolan/Documents/DE10AudioGame/i2c.vhd          ;         ;
; codec_config.vhd                 ; yes             ; User VHDL File  ; C:/Users/nolan/Documents/DE10AudioGame/codec_config.vhd ;         ;
; i2s.vhd                          ; yes             ; User VHDL File  ; C:/Users/nolan/Documents/DE10AudioGame/i2s.vhd          ;         ;
; audio_top.vhd                    ; yes             ; User VHDL File  ; C:/Users/nolan/Documents/DE10AudioGame/audio_top.vhd    ;         ;
+----------------------------------+-----------------+-----------------+---------------------------------------------------------+---------+


+-----------------------------------------------------------+
; Analysis & Synthesis Resource Usage Summary               ;
+---------------------------------------------+-------------+
; Resource                                    ; Usage       ;
+---------------------------------------------+-------------+
; Estimate of Logic utilization (ALMs needed) ; 292         ;
;                                             ;             ;
; Combinational ALUT usage for logic          ; 410         ;
;     -- 7 input functions                    ; 7           ;
;     -- 6 input functions                    ; 134         ;
;     -- 5 input functions                    ; 54          ;
;     -- 4 input functions                    ; 57          ;
;     -- <=3 input functions                  ; 158         ;
;                                             ;             ;
; Dedicated logic registers                   ; 243         ;
;                                             ;             ;
; I/O pins                                    ; 30          ;
;                                             ;             ;
; Total DSP Blocks                            ; 0           ;
;                                             ;             ;
; Maximum fan-out node                        ; SW[0]~input ;
; Maximum fan-out                             ; 195         ;
; Total fan-out                               ; 2671        ;
; Average fan-out                             ; 3.74        ;
+---------------------------------------------+-------------+


+------------------------------------------------------------------------------------------------------------------------------------------------------------------------------------------------------+
; Analysis & Synthesis Resource Utilization by Entity                                                                                                                                                  ;
+----------------------------+---------------------+---------------------------+-------------------+------------+------+--------------+----------------------------------+--------------+--------------+
; Compilation Hierarchy Node ; Combinational ALUTs ; Dedicated Logic Registers ; Block Memory Bits ; DSP Blocks ; Pins ; Virtual Pins ; Full Hierarchy Name              ; Entity Name  ; Library Name ;
+----------------------------+---------------------+---------------------------+-------------------+------------+------+--------------+----------------------------------+--------------+--------------+
; |audio_top                 ; 410 (306)           ; 243 (138)                 ; 0                 ; 0          ; 30   ; 0            ; |audio_top                       ; audio_top    ; work         ;
;    |codec_config:cfg_inst| ; 19 (19)             ; 22 (22)                   ; 0                 ; 0          ; 0    ; 0            ; |audio_top|codec_config:cfg_inst ; codec_config ; work         ;
;    |i2c:i2c_inst|          ; 60 (60)             ; 32 (32)                   ; 0                 ; 0          ; 0    ; 0            ; |audio_top|i2c:i2c_inst          ; i2c          ; work         ;
;    |i2s_tx:i2s_inst|       ; 25 (25)             ; 51 (51)                   ; 0                 ; 0          ; 0    ; 0            ; |audio_top|i2s_tx:i2s_inst       ; i2s_tx       ; work         ;
+----------------------------+---------------------+---------------------------+-------------------+------------+------+--------------+----------------------------------+--------------+--------------+
Note: For table entries with two numbers listed, the numbers in parentheses indicate the number of resources of the given type used by the specific entity alone. The numbers listed outside of parentheses indicate the total resources of the given type used by the specific entity and all of its sub-entities in the hierarchy.


Encoding Type:  One-Hot
+-----------------------------------------------------------------------------------------------------------------------------------+
; State Machine - |audio_top|game_state                                                                                             ;
+-------------------------+-----------------+----------------+----------------------+---------------------+-------------------------+
; Name                    ; game_state.LOSE ; game_state.WIN ; game_state.WAIT_USER ; game_state.PLAY_SEQ ; game_state.GENERATE_SEQ ;
+-------------------------+-----------------+----------------+----------------------+---------------------+-------------------------+
; game_state.GENERATE_SEQ ; 0               ; 0              ; 0                    ; 0                   ; 0                       ;
; game_state.PLAY_SEQ     ; 0               ; 0              ; 0                    ; 1                   ; 1                       ;
; game_state.WAIT_USER    ; 0               ; 0              ; 1                    ; 0                   ; 1                       ;
; game_state.WIN          ; 0               ; 1              ; 0                    ; 0                   ; 1                       ;
; game_state.LOSE         ; 1               ; 0              ; 0                    ; 0                   ; 1                       ;
+-------------------------+-----------------+----------------+----------------------+---------------------+-------------------------+


Encoding Type:  One-Hot
+--------------------------------------------------------------------+
; State Machine - |audio_top|i2s_tx:i2s_inst|state                   ;
+------------------+------------------+-----------------+------------+
; Name             ; state.SEND_RIGHT ; state.SEND_LEFT ; state.IDLE ;
+------------------+------------------+-----------------+------------+
; state.IDLE       ; 0                ; 0               ; 0          ;
; state.SEND_LEFT  ; 0                ; 1               ; 1          ;
; state.SEND_RIGHT ; 1                ; 0               ; 1          ;
+------------------+------------------+-----------------+------------+


Encoding Type:  One-Hot
+-----------------------------------------------------------------------------------------------------------------------------------------------------------------------+
; State Machine - |audio_top|i2c:i2c_inst|state                                                                                                                         ;
+------------------+------------+-----------------+------------------+-----------------+------------------+----------------+-----------------+-------------+------------+
; Name             ; state.STOP ; state.ACK_DATA2 ; state.SEND_DATA2 ; state.ACK_DATA1 ; state.SEND_DATA1 ; state.ACK_ADDR ; state.SEND_ADDR ; state.START ; state.IDLE ;
+------------------+------------+-----------------+------------------+-----------------+------------------+----------------+-----------------+-------------+------------+
; state.IDLE       ; 0          ; 0               ; 0                ; 0               ; 0                ; 0              ; 0               ; 0           ; 0          ;
; state.START      ; 0          ; 0               ; 0                ; 0               ; 0                ; 0              ; 0               ; 1           ; 1          ;
; state.SEND_ADDR  ; 0          ; 0               ; 0                ; 0               ; 0                ; 0              ; 1               ; 0           ; 1          ;
; state.ACK_ADDR   ; 0          ; 0               ; 0                ; 0               ; 0                ; 1              ; 0               ; 0           ; 1          ;
; state.SEND_DATA1 ; 0          ; 0               ; 0                ; 0               ; 1                ; 0              ; 0               ; 0           ; 1          ;
; state.ACK_DATA1  ; 0          ; 0               ; 0                ; 1               ; 0                ; 0              ; 0               ; 0           ; 1          ;
; state.SEND_DATA2 ; 0          ; 0               ; 1                ; 0               ; 0                ; 0              ; 0               ; 0           ; 1          ;
; state.ACK_DATA2  ; 0          ; 1               ; 0                ; 0               ; 0                ; 0              ; 0               ; 0           ; 1          ;
; state.STOP       ; 1          ; 0               ; 0                ; 0               ; 0                ; 0              ; 0               ; 0           ; 1          ;
+------------------+------------+-----------------+------------------+-----------------+------------------+----------------+-----------------+-------------+------------+


Encoding Type:  One-Hot
+---------------------------------------------------------------------------------------------+
; State Machine - |audio_top|codec_config:cfg_inst|state                                      ;
+----------------+------------+----------------+----------------+----------------+------------+
; Name           ; state.DONE ; state.NEXT_REG ; state.WAIT_ACK ; state.SEND_REG ; state.IDLE ;
+----------------+------------+----------------+----------------+----------------+------------+
; state.IDLE     ; 0          ; 0              ; 0              ; 0              ; 0          ;
; state.SEND_REG ; 0          ; 0              ; 0              ; 1              ; 1          ;
; state.WAIT_ACK ; 0          ; 0              ; 1              ; 0              ; 1          ;
; state.NEXT_REG ; 0          ; 1              ; 0              ; 0              ; 1          ;
; state.DONE     ; 1          ; 0              ; 0              ; 0              ; 1          ;
+----------------+------------+----------------+----------------+----------------+------------+


+-------------------------------------------------------------------------------------------+
; Registers Removed During Synthesis                                                        ;
+-------------------------------------------+-----------------------------------------------+
; Register name                             ; Reason for Removal                            ;
+-------------------------------------------+-----------------------------------------------+
; codec_config:cfg_inst|i2c_addr[0,1,3,6,7] ; Stuck at GND due to stuck port data_in        ;
; codec_config:cfg_inst|i2c_data[7,13..15]  ; Stuck at GND due to stuck port data_in        ;
; codec_config:cfg_inst|i2c_addr[2]         ; Merged with codec_config:cfg_inst|i2c_addr[4] ;
; codec_config:cfg_inst|i2c_addr[4]         ; Merged with codec_config:cfg_inst|i2c_addr[5] ;
; codec_config:cfg_inst|i2c_data[3,5,6]     ; Merged with codec_config:cfg_inst|i2c_data[8] ;
; audio_sample[2..8]                        ; Merged with audio_sample[1]                   ;
; Total Number of Removed Registers = 21    ;                                               ;
+-------------------------------------------+-----------------------------------------------+


+------------------------------------------------------+
; General Register Statistics                          ;
+----------------------------------------------+-------+
; Statistic                                    ; Value ;
+----------------------------------------------+-------+
; Total registers                              ; 243   ;
; Number of registers using Synchronous Clear  ; 68    ;
; Number of registers using Synchronous Load   ; 30    ;
; Number of registers using Asynchronous Clear ; 179   ;
; Number of registers using Asynchronous Load  ; 0     ;
; Number of registers using Clock Enable       ; 161   ;
; Number of registers using Preset             ; 0     ;
+----------------------------------------------+-------+


+---------------------------------------------------+
; Inverted Register Statistics                      ;
+-----------------------------------------+---------+
; Inverted Register                       ; Fan out ;
+-----------------------------------------+---------+
; selected_tone[2]                        ; 17      ;
; sequence_length[0]                      ; 23      ;
; key_prev[0]                             ; 1       ;
; key_prev[1]                             ; 1       ;
; key_prev[2]                             ; 1       ;
; key_prev[3]                             ; 1       ;
; lfsr[1]                                 ; 17      ;
; lfsr[7]                                 ; 1       ;
; lfsr[5]                                 ; 2       ;
; lfsr[3]                                 ; 2       ;
; Total number of inverted registers = 10 ;         ;
+-----------------------------------------+---------+


+----------------------------------------------------------------------------------------------------------------------------------------------------------+
; Multiplexer Restructuring Statistics (Restructuring Performed)                                                                                           ;
+--------------------+-----------+---------------+----------------------+------------------------+------------+--------------------------------------------+
; Multiplexer Inputs ; Bus Width ; Baseline Area ; Area if Restructured ; Saving if Restructured ; Registered ; Example Multiplexer Output                 ;
+--------------------+-----------+---------------+----------------------+------------------------+------------+--------------------------------------------+
; 5:1                ; 6 bits    ; 18 LEs        ; 18 LEs               ; 0 LEs                  ; Yes        ; |audio_top|audio_sample[14]                ;
; 3:1                ; 2 bits    ; 4 LEs         ; 2 LEs                ; 2 LEs                  ; Yes        ; |audio_top|i2c:i2c_inst|i2c_clk_en         ;
; 4:1                ; 3 bits    ; 6 LEs         ; 6 LEs                ; 0 LEs                  ; Yes        ; |audio_top|audio_sample[1]                 ;
; 4:1                ; 15 bits   ; 30 LEs        ; 0 LEs                ; 30 LEs                 ; Yes        ; |audio_top|i2s_tx:i2s_inst|shift_reg_l[4]  ;
; 5:1                ; 4 bits    ; 12 LEs        ; 4 LEs                ; 8 LEs                  ; Yes        ; |audio_top|user_index[0]                   ;
; 5:1                ; 15 bits   ; 45 LEs        ; 0 LEs                ; 45 LEs                 ; Yes        ; |audio_top|i2s_tx:i2s_inst|shift_reg_r[7]  ;
; 6:1                ; 23 bits   ; 92 LEs        ; 0 LEs                ; 92 LEs                 ; Yes        ; |audio_top|pause_counter[11]               ;
; 8:1                ; 3 bits    ; 15 LEs        ; 6 LEs                ; 9 LEs                  ; Yes        ; |audio_top|i2c:i2c_inst|data_index[2]      ;
; 12:1               ; 24 bits   ; 192 LEs       ; 0 LEs                ; 192 LEs                ; Yes        ; |audio_top|beep_counter[23]                ;
; 28:1               ; 2 bits    ; 36 LEs        ; 32 LEs               ; 4 LEs                  ; Yes        ; |audio_top|selected_tone[0]                ;
; 16:1               ; 2 bits    ; 20 LEs        ; 20 LEs               ; 0 LEs                  ; No         ; |audio_top|Mux3                            ;
; 6:1                ; 2 bits    ; 8 LEs         ; 6 LEs                ; 2 LEs                  ; No         ; |audio_top|codec_config:cfg_inst|Selector7 ;
; 7:1                ; 2 bits    ; 8 LEs         ; 4 LEs                ; 4 LEs                  ; No         ; |audio_top|i2s_tx:i2s_inst|state           ;
; 8:1                ; 3 bits    ; 15 LEs        ; 9 LEs                ; 6 LEs                  ; No         ; |audio_top|Selector4                       ;
; 7:1                ; 3 bits    ; 12 LEs        ; 6 LEs                ; 6 LEs                  ; No         ; |audio_top|i2c:i2c_inst|state              ;
; 9:1                ; 2 bits    ; 12 LEs        ; 8 LEs                ; 4 LEs                  ; No         ; |audio_top|Selector1                       ;
+--------------------+-----------+---------------+----------------------+------------------------+------------+--------------------------------------------+


+---------------------------------------------------+
; Port Connectivity Checks: "codec_config:cfg_inst" ;
+-----------+-------+----------+--------------------+
; Port      ; Type  ; Severity ; Details            ;
+-----------+-------+----------+--------------------+
; start_cfg ; Input ; Info     ; Stuck at VCC       ;
+-----------+-------+----------+--------------------+


+-----------------------------------------------------+
; Post-Synthesis Netlist Statistics for Top Partition ;
+-----------------------+-----------------------------+
; Type                  ; Count                       ;
+-----------------------+-----------------------------+
; arriav_ff             ; 243                         ;
;     CLR               ; 56                          ;
;     CLR SCLR          ; 1                           ;
;     ENA               ; 39                          ;
;     ENA CLR           ; 34                          ;
;     ENA CLR SCLR      ; 58                          ;
;     ENA CLR SLD       ; 30                          ;
;     SCLR              ; 9                           ;
;     plain             ; 16                          ;
; arriav_io_obuf        ; 1                           ;
; arriav_lcell_comb     ; 412                         ;
;     arith             ; 64                          ;
;         1 data inputs ; 64                          ;
;     extend            ; 7                           ;
;         7 data inputs ; 7                           ;
;     normal            ; 341                         ;
;         1 data inputs ; 33                          ;
;         2 data inputs ; 23                          ;
;         3 data inputs ; 40                          ;
;         4 data inputs ; 57                          ;
;         5 data inputs ; 54                          ;
;         6 data inputs ; 134                         ;
; boundary_port         ; 30                          ;
;                       ;                             ;
; Max LUT depth         ; 4.00                        ;
; Average LUT depth     ; 2.38                        ;
+-----------------------+-----------------------------+


+-------------------------------+
; Elapsed Time Per Partition    ;
+----------------+--------------+
; Partition Name ; Elapsed Time ;
+----------------+--------------+
; Top            ; 00:00:01     ;
+----------------+--------------+


+-------------------------------+
; Analysis & Synthesis Messages ;
+-------------------------------+
Info: *******************************************************************
Info: Running Quartus Prime Analysis & Synthesis
    Info: Version 25.1std.0 Build 1129 10/21/2025 SC Lite Edition
    Info: Processing started: Tue Dec  9 08:26:34 2025
Info: Command: quartus_map --read_settings_files=on --write_settings_files=off quartus_audio_gen -c quartus_audio_gen
Info (20032): Parallel compilation is enabled and will use up to 6 processors
Info (12021): Found 1 design units, including 1 entities, in source file baseline_c5gx.v
    Info (12023): Found entity 1: baseline_c5gx File: C:/Users/nolan/Documents/DE10AudioGame/baseline_c5gx.v Line: 38
Info (12021): Found 2 design units, including 1 entities, in source file i2c.vhd
    Info (12022): Found design unit 1: i2c-behavioral File: C:/Users/nolan/Documents/DE10AudioGame/i2c.vhd Line: 19
    Info (12023): Found entity 1: i2c File: C:/Users/nolan/Documents/DE10AudioGame/i2c.vhd Line: 5
Info (12021): Found 2 design units, including 1 entities, in source file codec_config.vhd
    Info (12022): Found design unit 1: codec_config-fsm File: C:/Users/nolan/Documents/DE10AudioGame/codec_config.vhd Line: 19
    Info (12023): Found entity 1: codec_config File: C:/Users/nolan/Documents/DE10AudioGame/codec_config.vhd Line: 5
Info (12021): Found 2 design units, including 1 entities, in source file i2s.vhd
    Info (12022): Found design unit 1: i2s_tx-rtl File: C:/Users/nolan/Documents/DE10AudioGame/i2s.vhd Line: 19
    Info (12023): Found entity 1: i2s_tx File: C:/Users/nolan/Documents/DE10AudioGame/i2s.vhd Line: 5
Info (12021): Found 2 design units, including 1 entities, in source file audio_top.vhd
    Info (12022): Found design unit 1: audio_top-rtl File: C:/Users/nolan/Documents/DE10AudioGame/audio_top.vhd Line: 25
    Info (12023): Found entity 1: audio_top File: C:/Users/nolan/Documents/DE10AudioGame/audio_top.vhd Line: 5
Info (12127): Elaborating entity "audio_top" for the top level hierarchy
Info (12128): Elaborating entity "codec_config" for hierarchy "codec_config:cfg_inst" File: C:/Users/nolan/Documents/DE10AudioGame/audio_top.vhd Line: 439
Info (12128): Elaborating entity "i2c" for hierarchy "i2c:i2c_inst" File: C:/Users/nolan/Documents/DE10AudioGame/audio_top.vhd Line: 452
Info (12128): Elaborating entity "i2s_tx" for hierarchy "i2s_tx:i2s_inst" File: C:/Users/nolan/Documents/DE10AudioGame/audio_top.vhd Line: 465
Info (286030): Timing-Driven Synthesis is running
Info (16010): Generating hard_block partition "hard_block:auto_generated_inst"
    Info (16011): Adding 0 node(s), including 0 DDIO, 0 PLL, 0 transceiver and 0 LCELL
Warning (21074): Design contains 9 input pin(s) that do not drive logic
    Warning (15610): No output dependent on input pin "SW[1]" File: C:/Users/nolan/Documents/DE10AudioGame/audio_top.vhd Line: 10
    Warning (15610): No output dependent on input pin "SW[2]" File: C:/Users/nolan/Documents/DE10AudioGame/audio_top.vhd Line: 10
    Warning (15610): No output dependent on input pin "SW[3]" File: C:/Users/nolan/Documents/DE10AudioGame/audio_top.vhd Line: 10
    Warning (15610): No output dependent on input pin "SW[4]" File: C:/Users/nolan/Documents/DE10AudioGame/audio_top.vhd Line: 10
    Warning (15610): No output dependent on input pin "SW[5]" File: C:/Users/nolan/Documents/DE10AudioGame/audio_top.vhd Line: 10
    Warning (15610): No output dependent on input pin "SW[6]" File: C:/Users/nolan/Documents/DE10AudioGame/audio_top.vhd Line: 10
    Warning (15610): No output dependent on input pin "SW[7]" File: C:/Users/nolan/Documents/DE10AudioGame/audio_top.vhd Line: 10
    Warning (15610): No output dependent on input pin "SW[8]" File: C:/Users/nolan/Documents/DE10AudioGame/audio_top.vhd Line: 10
    Warning (15610): No output dependent on input pin "SW[9]" File: C:/Users/nolan/Documents/DE10AudioGame/audio_top.vhd Line: 10
Info (21057): Implemented 493 device resources after synthesis - the final resource count might be different
    Info (21058): Implemented 15 input pins
    Info (21059): Implemented 14 output pins
    Info (21060): Implemented 1 bidirectional pins
    Info (21061): Implemented 463 logic cells
Info: Quartus Prime Analysis & Synthesis was successful. 0 errors, 10 warnings
    Info: Peak virtual memory: 4952 megabytes
    Info: Processing ended: Tue Dec  9 08:26:45 2025
    Info: Elapsed time: 00:00:11
    Info: Total CPU time (on all processors): 00:00:26


